  compilation header save succeeded; see C:\Users\spark\camy\camy_render\src\shaders\culling_cs.hpp
  compilation object save succeeded; see C:\Users\spark\camy\vs_solution\lib\x64\Debug\culling_cs.cso
  compilation header save succeeded; see C:\Users\spark\camy\camy_render\src\shaders\depth_view_ps.hpp
  compilation object save succeeded; see C:\Users\spark\camy\vs_solution\lib\x64\Debug\depth_view_ps.cso
  compilation header save succeeded; see C:\Users\spark\camy\camy_render\src\shaders\depth_view_vs.hpp
  compilation object save succeeded; see C:\Users\spark\camy\vs_solution\lib\x64\Debug\depth_view_vs.cso
C:\Users\spark\camy\camy_render\shaders\downsample_bright_ps.hlsl(14,9-65): warning X3206: implicit truncation of vector type
  
  compilation header save succeeded; see C:\Users\spark\camy\camy_render\src\shaders\downsample_bright_ps.hpp
  compilation object save succeeded; see C:\Users\spark\camy\vs_solution\lib\x64\Debug\downsample_bright_ps.cso
C:\Users\spark\camy\camy_render\shaders\downsample_luminance_ps.hlsl(19,8-66): warning X3206: implicit truncation of vector type
  
  compilation header save succeeded; see C:\Users\spark\camy\camy_render\src\shaders\downsample_luminance_ps.hpp
  compilation object save succeeded; see C:\Users\spark\camy\vs_solution\lib\x64\Debug\downsample_luminance_ps.cso
  compilation header save succeeded; see C:\Users\spark\camy\camy_render\src\shaders\passthrough_pp.hpp
  compilation object save succeeded; see C:\Users\spark\camy\vs_solution\lib\x64\Debug\passthrough_pp.cso
  compilation header save succeeded; see C:\Users\spark\camy\camy_render\src\shaders\sky_ps.hpp
  compilation object save succeeded; see C:\Users\spark\camy\vs_solution\lib\x64\Debug\sky_ps.cso
  compilation header save succeeded; see C:\Users\spark\camy\camy_render\src\shaders\sky_vs.hpp
  compilation object save succeeded; see C:\Users\spark\camy\vs_solution\lib\x64\Debug\sky_vs.cso
C:\Users\spark\camy\camy_render\shaders\to_luminance_ps.hlsl(15,9-65): warning X3206: implicit truncation of vector type
  
  compilation header save succeeded; see C:\Users\spark\camy\camy_render\src\shaders\to_luminance_ps.hpp
  compilation object save succeeded; see C:\Users\spark\camy\vs_solution\lib\x64\Debug\to_luminance_ps.cso
  compilation header save succeeded; see C:\Users\spark\camy\camy_render\src\shaders\depth_only_vs.hpp
  compilation object save succeeded; see C:\Users\spark\camy\vs_solution\lib\x64\Debug\depth_only_vs.cso
  compilation header save succeeded; see C:\Users\spark\camy\camy_render\src\shaders\forward_ps.hpp
  compilation object save succeeded; see C:\Users\spark\camy\vs_solution\lib\x64\Debug\forward_ps.cso
  compilation header save succeeded; see C:\Users\spark\camy\camy_render\src\shaders\forward_vs.hpp
  compilation object save succeeded; see C:\Users\spark\camy\vs_solution\lib\x64\Debug\forward_vs.cso
  shader_common.cpp
  camera.cpp
  scene_node.cpp
  scene.cpp
  renderer.cpp
c:\users\spark\camy\camy_render\src\renderer.cpp(131): warning C4267: 'argument': conversion from 'size_t' to 'camy::u32', possible loss of data
c:\users\spark\camy\camy_render\src\renderer.cpp(151): warning C4244: '=': conversion from 'camy::u32' to 'float', possible loss of data
c:\users\spark\camy\camy_render\src\renderer.cpp(152): warning C4244: '=': conversion from 'camy::u32' to 'float', possible loss of data
  post_process_pipeline.cpp
  passes.cpp
  loose_octree.cpp
  Generating Code...
  camy_render.vcxproj -> C:\Users\spark\camy\vs_solution\lib\x64\Debug\camy_render.lib
